[Tue Apr 10 14:09:29.528 2018] [ 9732] accepting connections
[Tue Apr 10 14:23:08.070 2018] [ 9732] rotating index 'goods': success
[Tue Apr 10 14:23:08.070 2018] [ 9732] rotating finished
[Tue Apr 10 14:23:08.120 2018] [ 9732] rotating indices (seamless=0)
[Tue Apr 10 14:54:45.169 2018] [ 9732] rotating index 'goods': success
[Tue Apr 10 14:54:45.169 2018] [ 9732] rotating finished
[Tue Apr 10 14:54:45.219 2018] [ 9732] rotating indices (seamless=0)
[Tue Apr 10 14:54:48.703 2018] [ 9732] rotating index 'goods': success
[Tue Apr 10 14:54:48.703 2018] [ 9732] rotating finished
[Tue Apr 10 14:54:48.753 2018] [ 9732] rotating indices (seamless=0)
[Tue Apr 10 15:11:27.555 2018] [ 9732] rotating index 'goods': success
[Tue Apr 10 15:11:27.555 2018] [ 9732] rotating finished
[Tue Apr 10 15:11:27.605 2018] [ 9732] rotating indices (seamless=0)
[Tue Apr 10 15:32:24.791 2018] [ 9732] rotating index 'goods': success
[Tue Apr 10 15:32:24.792 2018] [ 9732] rotating finished
[Tue Apr 10 15:32:24.842 2018] [ 9732] rotating indices (seamless=0)
[Tue Apr 10 16:05:12.857 2018] [ 9732] rotating index 'goods': success
[Tue Apr 10 16:05:12.857 2018] [ 9732] rotating finished
[Tue Apr 10 16:05:12.907 2018] [ 9732] rotating indices (seamless=0)
[Tue Apr 10 16:22:03.616 2018] [ 9732] rotating index 'goods': success
[Tue Apr 10 16:22:03.616 2018] [ 9732] rotating finished
[Tue Apr 10 16:22:03.666 2018] [ 9732] rotating indices (seamless=0)
[Tue Apr 10 16:22:33.437 2018] [ 9732] rotating index 'goods': success
[Tue Apr 10 16:22:33.437 2018] [ 9732] rotating finished
[Tue Apr 10 16:22:33.487 2018] [ 9732] rotating indices (seamless=0)
[Tue Apr 10 16:27:10.096 2018] [ 9732] rotating index 'goods': success
[Tue Apr 10 16:27:10.096 2018] [ 9732] rotating finished
[Tue Apr 10 16:27:10.146 2018] [ 9732] rotating indices (seamless=0)
[Tue Apr 10 16:27:10.386 2018] [ 9732] rotating index 'goods': success
[Tue Apr 10 16:27:10.386 2018] [ 9732] rotating finished
[Tue Apr 10 16:27:10.436 2018] [ 9732] rotating indices (seamless=0)
[Tue Apr 10 16:32:26.227 2018] [ 9732] shutdown complete
